{"latency_ms":9,"level":"Info","method":"POST","path":"/login","request_id":"0921c2f3-da1b-427b-ac4e-993d98c0b765","status_code":200,"timestamp":"2026-04-04T06:11:02.016772837Z"}
{"latency_ms":13,"level":"Info","method":"PUT","path":"/api/board/1002","request_id":"d7513b5e-5840-44a7-9a7f-db441a40c9c5","status_code":200,"timestamp":"2026-04-04T06:12:43.005101097Z"}
{"latency_ms":3,"level":"Info","method":"GET","path":"/api/board/1002","request_id":"51c2ff7b-2426-41d6-9c86-db0cb2038e85","status_code":200,"timestamp":"2026-04-04T06:13:59.309376813Z"}
{"latency_ms":5,"level":"Info","method":"GET","path":"/api/board","request_id":"73787656-75da-4d60-85bb-0543e7d7196f","status_code":200,"timestamp":"2026-04-04T06:16:24.779852509Z"}
{"latency_ms":2,"level":"Info","method":"GET","path":"/api/board/1002","request_id":"31dc5e1b-6ff3-461b-80fc-22c4a97b13d5","status_code":200,"timestamp":"2026-04-04T06:16:29.475161697Z"}
{"latency_ms":11,"level":"Info","method":"DELETE","path":"/api/board/1002","request_id":"c0017f99-8aed-4152-b3b2-3254226987cf","status_code":200,"timestamp":"2026-04-04T06:16:31.768330541Z"}
{"latency_ms":1,"level":"Warn","method":"GET","path":"/api/board/1002","request_id":"f35af67b-a30f-45af-981f-121559e70345","status_code":404,"timestamp":"2026-04-04T06:16:31.832970459Z"}
{"latency_ms":1,"level":"Info","method":"GET","path":"/api/board","request_id":"4f18e2d0-a529-4370-884b-1a5b495022b6","status_code":200,"timestamp":"2026-04-04T06:16:31.867378201Z"}
{"latency_ms":8,"level":"Info","method":"POST","path":"/login","request_id":"2570c823-02ef-4ab8-aa35-9a22e45407da","status_code":200,"timestamp":"2026-04-04T06:19:36.880507989Z"}
{"latency_ms":8,"level":"Info","method":"POST","path":"/login","request_id":"a7762676-8035-44f0-94f5-95def18b531e","status_code":200,"timestamp":"2026-04-04T06:21:27.800982871Z"}
{"latency_ms":16,"level":"Info","method":"POST","path":"/api/board","request_id":"fa8245c3-c018-42be-8d97-08245526b610","status_code":200,"timestamp":"2026-04-04T06:22:59.871457582Z"}
{"latency_ms":1,"level":"Info","method":"GET","path":"/api/board","request_id":"241afab4-6980-4d41-856f-d37df81416a2","status_code":200,"timestamp":"2026-04-04T06:22:59.945765125Z"}
{"latency_ms":5,"level":"Info","method":"POST","path":"/api/board","request_id":"10df3265-a7ea-4e0b-bd69-af2359d56dbf","status_code":200,"timestamp":"2026-04-04T06:23:20.630478628Z"}
{"latency_ms":1,"level":"Info","method":"GET","path":"/api/board","request_id":"aad15656-70ef-4348-ac13-a51dd2586ebb","status_code":200,"timestamp":"2026-04-04T06:23:20.697939565Z"}
{"latency_ms":2,"level":"Info","method":"GET","path":"/api/board/2003","request_id":"35f0f132-7a78-4477-b1d9-175b63cb7ee8","status_code":200,"timestamp":"2026-04-04T06:23:23.067665895Z"}
{"latency_ms":1,"level":"Warn","method":"GET","path":"/api/board/1002","request_id":"66ea2540-55f2-48fb-8b0f-360ebac1a087","status_code":404,"timestamp":"2026-04-04T06:23:39.166111351Z"}
{"latency_ms":6,"level":"Info","method":"PUT","path":"/api/board/2003","request_id":"9ea977da-2344-4257-a081-3cedc9447954","status_code":200,"timestamp":"2026-04-04T06:23:41.350780991Z"}
{"latency_ms":1,"level":"Info","method":"GET","path":"/api/board/2003","request_id":"180f31b2-f7ed-4b05-8fe4-11d01343818b","status_code":200,"timestamp":"2026-04-04T06:23:41.3944199Z"}
{"latency_ms":1,"level":"Info","method":"GET","path":"/api/board/2003","request_id":"15c86526-15a7-408c-83a7-878802e6c477","status_code":200,"timestamp":"2026-04-04T06:23:41.408564312Z"}
{"latency_ms":4,"level":"Info","method":"GET","path":"/api/board/2003","request_id":"586b2a59-d71b-4647-ac1e-ecc3d13e557b","status_code":200,"timestamp":"2026-04-04T06:23:41.408818464Z"}
{"latency_ms":5,"level":"Info","method":"GET","path":"/api/board/2003","request_id":"bb566078-4a7e-40fa-a342-888bb3e42613","status_code":200,"timestamp":"2026-04-04T06:28:29.561547387Z"}
{"latency_ms":10,"level":"Info","method":"GET","path":"/api/board/2003","request_id":"19cbef10-e64f-4aac-9419-ec255b87f4be","status_code":200,"timestamp":"2026-04-04T06:42:09.502224058Z"}
